                                 Started job on |	Mar 20 23:39:56
                             Started mapping on |	Mar 20 23:39:56
                                    Finished on |	Mar 20 23:40:46
       Mapping speed, Million of reads per hour |	132.76

                          Number of input reads |	1843892
                      Average input read length |	62
                                    UNIQUE READS:
                   Uniquely mapped reads number |	1350197
                        Uniquely mapped reads % |	73.23%
                          Average mapped length |	61.49
                       Number of splices: Total |	93977
            Number of splices: Annotated (sjdb) |	90919
                       Number of splices: GT/AG |	90579
                       Number of splices: GC/AG |	1788
                       Number of splices: AT/AC |	6
               Number of splices: Non-canonical |	1604
                      Mismatch rate per base, % |	1.79%
                         Deletion rate per base |	0.01%
                        Deletion average length |	1.79
                        Insertion rate per base |	0.01%
                       Insertion average length |	2.23
                             MULTI-MAPPING READS:
        Number of reads mapped to multiple loci |	0
             % of reads mapped to multiple loci |	0.00%
        Number of reads mapped to too many loci |	176817
             % of reads mapped to too many loci |	9.59%
                                  UNMAPPED READS:
       % of reads unmapped: too many mismatches |	0.00%
                 % of reads unmapped: too short |	17.02%
                     % of reads unmapped: other |	0.17%
                                  CHIMERIC READS:
                       Number of chimeric reads |	0
                            % of chimeric reads |	0.00%
