                                 Started job on |	Mar 20 22:22:58
                             Started mapping on |	Mar 20 22:22:58
                                    Finished on |	Mar 20 22:23:42
       Mapping speed, Million of reads per hour |	159.01

                          Number of input reads |	1943410
                      Average input read length |	62
                                    UNIQUE READS:
                   Uniquely mapped reads number |	1468362
                        Uniquely mapped reads % |	75.56%
                          Average mapped length |	61.49
                       Number of splices: Total |	100723
            Number of splices: Annotated (sjdb) |	95265
                       Number of splices: GT/AG |	94953
                       Number of splices: GC/AG |	2162
                       Number of splices: AT/AC |	10
               Number of splices: Non-canonical |	3598
                      Mismatch rate per base, % |	1.59%
                         Deletion rate per base |	0.01%
                        Deletion average length |	1.70
                        Insertion rate per base |	0.01%
                       Insertion average length |	1.35
                             MULTI-MAPPING READS:
        Number of reads mapped to multiple loci |	0
             % of reads mapped to multiple loci |	0.00%
        Number of reads mapped to too many loci |	185875
             % of reads mapped to too many loci |	9.56%
                                  UNMAPPED READS:
       % of reads unmapped: too many mismatches |	0.00%
                 % of reads unmapped: too short |	14.72%
                     % of reads unmapped: other |	0.16%
                                  CHIMERIC READS:
                       Number of chimeric reads |	0
                            % of chimeric reads |	0.00%
