                                 Started job on |	Mar 20 22:56:26
                             Started mapping on |	Mar 20 22:56:26
                                    Finished on |	Mar 20 22:57:32
       Mapping speed, Million of reads per hour |	165.58

                          Number of input reads |	3035600
                      Average input read length |	62
                                    UNIQUE READS:
                   Uniquely mapped reads number |	2339648
                        Uniquely mapped reads % |	77.07%
                          Average mapped length |	61.51
                       Number of splices: Total |	159470
            Number of splices: Annotated (sjdb) |	154142
                       Number of splices: GT/AG |	153123
                       Number of splices: GC/AG |	3287
                       Number of splices: AT/AC |	21
               Number of splices: Non-canonical |	3039
                      Mismatch rate per base, % |	1.75%
                         Deletion rate per base |	0.01%
                        Deletion average length |	1.53
                        Insertion rate per base |	0.01%
                       Insertion average length |	2.01
                             MULTI-MAPPING READS:
        Number of reads mapped to multiple loci |	0
             % of reads mapped to multiple loci |	0.00%
        Number of reads mapped to too many loci |	321818
             % of reads mapped to too many loci |	10.60%
                                  UNMAPPED READS:
       % of reads unmapped: too many mismatches |	0.00%
                 % of reads unmapped: too short |	12.22%
                     % of reads unmapped: other |	0.10%
                                  CHIMERIC READS:
                       Number of chimeric reads |	0
                            % of chimeric reads |	0.00%
