                                 Started job on |	Mar 20 23:34:40
                             Started mapping on |	Mar 20 23:34:40
                                    Finished on |	Mar 20 23:35:35
       Mapping speed, Million of reads per hour |	179.18

                          Number of input reads |	2737489
                      Average input read length |	62
                                    UNIQUE READS:
                   Uniquely mapped reads number |	2073315
                        Uniquely mapped reads % |	75.74%
                          Average mapped length |	61.44
                       Number of splices: Total |	126792
            Number of splices: Annotated (sjdb) |	119281
                       Number of splices: GT/AG |	120150
                       Number of splices: GC/AG |	1636
                       Number of splices: AT/AC |	13
               Number of splices: Non-canonical |	4993
                      Mismatch rate per base, % |	1.71%
                         Deletion rate per base |	0.01%
                        Deletion average length |	1.80
                        Insertion rate per base |	0.01%
                       Insertion average length |	1.65
                             MULTI-MAPPING READS:
        Number of reads mapped to multiple loci |	0
             % of reads mapped to multiple loci |	0.00%
        Number of reads mapped to too many loci |	206140
             % of reads mapped to too many loci |	7.53%
                                  UNMAPPED READS:
       % of reads unmapped: too many mismatches |	0.00%
                 % of reads unmapped: too short |	16.56%
                     % of reads unmapped: other |	0.17%
                                  CHIMERIC READS:
                       Number of chimeric reads |	0
                            % of chimeric reads |	0.00%
