                                 Started job on |	Mar 20 22:24:16
                             Started mapping on |	Mar 20 22:24:16
                                    Finished on |	Mar 20 22:24:40
       Mapping speed, Million of reads per hour |	194.04

                          Number of input reads |	1293606
                      Average input read length |	62
                                    UNIQUE READS:
                   Uniquely mapped reads number |	1015042
                        Uniquely mapped reads % |	78.47%
                          Average mapped length |	61.52
                       Number of splices: Total |	66031
            Number of splices: Annotated (sjdb) |	62875
                       Number of splices: GT/AG |	62690
                       Number of splices: GC/AG |	1330
                       Number of splices: AT/AC |	2
               Number of splices: Non-canonical |	2009
                      Mismatch rate per base, % |	1.63%
                         Deletion rate per base |	0.01%
                        Deletion average length |	1.71
                        Insertion rate per base |	0.01%
                       Insertion average length |	1.42
                             MULTI-MAPPING READS:
        Number of reads mapped to multiple loci |	0
             % of reads mapped to multiple loci |	0.00%
        Number of reads mapped to too many loci |	120995
             % of reads mapped to too many loci |	9.35%
                                  UNMAPPED READS:
       % of reads unmapped: too many mismatches |	0.00%
                 % of reads unmapped: too short |	12.03%
                     % of reads unmapped: other |	0.15%
                                  CHIMERIC READS:
                       Number of chimeric reads |	0
                            % of chimeric reads |	0.00%
