                                 Started job on |	Mar 20 22:53:44
                             Started mapping on |	Mar 20 22:53:44
                                    Finished on |	Mar 20 22:54:31
       Mapping speed, Million of reads per hour |	174.42

                          Number of input reads |	2277141
                      Average input read length |	62
                                    UNIQUE READS:
                   Uniquely mapped reads number |	1800738
                        Uniquely mapped reads % |	79.08%
                          Average mapped length |	61.50
                       Number of splices: Total |	112932
            Number of splices: Annotated (sjdb) |	106926
                       Number of splices: GT/AG |	107101
                       Number of splices: GC/AG |	1763
                       Number of splices: AT/AC |	6
               Number of splices: Non-canonical |	4062
                      Mismatch rate per base, % |	1.79%
                         Deletion rate per base |	0.01%
                        Deletion average length |	1.63
                        Insertion rate per base |	0.01%
                       Insertion average length |	1.54
                             MULTI-MAPPING READS:
        Number of reads mapped to multiple loci |	0
             % of reads mapped to multiple loci |	0.00%
        Number of reads mapped to too many loci |	198071
             % of reads mapped to too many loci |	8.70%
                                  UNMAPPED READS:
       % of reads unmapped: too many mismatches |	0.00%
                 % of reads unmapped: too short |	12.12%
                     % of reads unmapped: other |	0.10%
                                  CHIMERIC READS:
                       Number of chimeric reads |	0
                            % of chimeric reads |	0.00%
