                                 Started job on |	Mar 21 00:15:33
                             Started mapping on |	Mar 21 00:15:33
                                    Finished on |	Mar 21 00:16:20
       Mapping speed, Million of reads per hour |	140.97

                          Number of input reads |	1840476
                      Average input read length |	62
                                    UNIQUE READS:
                   Uniquely mapped reads number |	1413534
                        Uniquely mapped reads % |	76.80%
                          Average mapped length |	61.50
                       Number of splices: Total |	101894
            Number of splices: Annotated (sjdb) |	98821
                       Number of splices: GT/AG |	97101
                       Number of splices: GC/AG |	3088
                       Number of splices: AT/AC |	9
               Number of splices: Non-canonical |	1696
                      Mismatch rate per base, % |	1.72%
                         Deletion rate per base |	0.01%
                        Deletion average length |	1.83
                        Insertion rate per base |	0.01%
                       Insertion average length |	1.71
                             MULTI-MAPPING READS:
        Number of reads mapped to multiple loci |	0
             % of reads mapped to multiple loci |	0.00%
        Number of reads mapped to too many loci |	160595
             % of reads mapped to too many loci |	8.73%
                                  UNMAPPED READS:
       % of reads unmapped: too many mismatches |	0.00%
                 % of reads unmapped: too short |	14.38%
                     % of reads unmapped: other |	0.09%
                                  CHIMERIC READS:
                       Number of chimeric reads |	0
                            % of chimeric reads |	0.00%
