                                 Started job on |	Mar 21 00:09:24
                             Started mapping on |	Mar 21 00:09:25
                                    Finished on |	Mar 21 00:10:13
       Mapping speed, Million of reads per hour |	182.70

                          Number of input reads |	2435966
                      Average input read length |	62
                                    UNIQUE READS:
                   Uniquely mapped reads number |	1921136
                        Uniquely mapped reads % |	78.87%
                          Average mapped length |	61.49
                       Number of splices: Total |	128670
            Number of splices: Annotated (sjdb) |	122729
                       Number of splices: GT/AG |	122230
                       Number of splices: GC/AG |	2818
                       Number of splices: AT/AC |	6
               Number of splices: Non-canonical |	3616
                      Mismatch rate per base, % |	1.72%
                         Deletion rate per base |	0.01%
                        Deletion average length |	1.89
                        Insertion rate per base |	0.01%
                       Insertion average length |	1.50
                             MULTI-MAPPING READS:
        Number of reads mapped to multiple loci |	0
             % of reads mapped to multiple loci |	0.00%
        Number of reads mapped to too many loci |	183689
             % of reads mapped to too many loci |	7.54%
                                  UNMAPPED READS:
       % of reads unmapped: too many mismatches |	0.00%
                 % of reads unmapped: too short |	13.48%
                     % of reads unmapped: other |	0.12%
                                  CHIMERIC READS:
                       Number of chimeric reads |	0
                            % of chimeric reads |	0.00%
