                                 Started job on |	Mar 20 22:25:05
                             Started mapping on |	Mar 20 22:25:05
                                    Finished on |	Mar 20 22:26:12
       Mapping speed, Million of reads per hour |	180.82

                          Number of input reads |	3365196
                      Average input read length |	62
                                    UNIQUE READS:
                   Uniquely mapped reads number |	2582247
                        Uniquely mapped reads % |	76.73%
                          Average mapped length |	61.52
                       Number of splices: Total |	178299
            Number of splices: Annotated (sjdb) |	171884
                       Number of splices: GT/AG |	169751
                       Number of splices: GC/AG |	5010
                       Number of splices: AT/AC |	19
               Number of splices: Non-canonical |	3519
                      Mismatch rate per base, % |	1.65%
                         Deletion rate per base |	0.01%
                        Deletion average length |	1.70
                        Insertion rate per base |	0.01%
                       Insertion average length |	1.51
                             MULTI-MAPPING READS:
        Number of reads mapped to multiple loci |	0
             % of reads mapped to multiple loci |	0.00%
        Number of reads mapped to too many loci |	335534
             % of reads mapped to too many loci |	9.97%
                                  UNMAPPED READS:
       % of reads unmapped: too many mismatches |	0.00%
                 % of reads unmapped: too short |	13.18%
                     % of reads unmapped: other |	0.12%
                                  CHIMERIC READS:
                       Number of chimeric reads |	0
                            % of chimeric reads |	0.00%
